0 verbose cli C:\nvm4w\nodejs\node.exe C:\Users\khush\AppData\Roaming\npm\node_modules\npm\bin\npm-cli.js
1 info using npm@11.2.0
2 info using node@v23.9.0
3 silly config load:file:C:\Users\khush\AppData\Roaming\npm\node_modules\npm\npmrc
4 silly config load:file:C:\Users\khush\OneDrive\Desktop\practicesession\TypeScript\backend\.npmrc
5 silly config load:file:C:\Users\khush\.npmrc
6 silly config load:file:C:\Users\khush\AppData\Roaming\npm\etc\npmrc
7 verbose title npm i @types/express @types/node @types/bcrypt
8 verbose argv "i" "--save-dev" "@types/express" "@types/node" "@types/bcrypt" "--no-fund" "--no-audit"
9 verbose logfile logs-max:10 dir:C:\Users\khush\OneDrive\Desktop\practicesession\TypeScript\backend\.npm-cache\_logs\2026-03-15T17_12_22_594Z-
10 verbose logfile C:\Users\khush\OneDrive\Desktop\practicesession\TypeScript\backend\.npm-cache\_logs\2026-03-15T17_12_22_594Z-debug-0.log
11 silly logfile done cleaning log files
12 silly packumentCache heap:2197815296 maxSize:549453824 maxEntrySize:274726912
13 silly idealTree buildDeps
14 silly fetch manifest @types/express@^5.0.6
15 silly packumentCache full:https://registry.npmjs.org/@types%2fexpress cache-miss
16 http fetch GET https://registry.npmjs.org/@types%2fexpress attempt 1 failed with EACCES
17 http fetch GET https://registry.npmjs.org/@types%2fexpress attempt 2 failed with EACCES
18 http fetch GET https://registry.npmjs.org/@types%2fexpress attempt 3 failed with EACCES
19 silly fetch manifest @types/node@*
20 silly packumentCache full:https://registry.npmjs.org/@types%2fnode cache-miss
21 http fetch GET https://registry.npmjs.org/@types%2fnode attempt 1 failed with EACCES
22 http fetch GET https://registry.npmjs.org/@types%2fnode attempt 2 failed with EACCES
23 http fetch GET https://registry.npmjs.org/@types%2fnode attempt 3 failed with EACCES
24 silly fetch manifest @types/bcrypt@*
25 silly packumentCache full:https://registry.npmjs.org/@types%2fbcrypt cache-miss
26 http fetch GET https://registry.npmjs.org/@types%2fbcrypt attempt 1 failed with EACCES
27 http fetch GET https://registry.npmjs.org/@types%2fbcrypt attempt 2 failed with EACCES
28 http fetch GET https://registry.npmjs.org/@types%2fbcrypt attempt 3 failed with EACCES
29 silly placeDep ROOT @types/bcrypt@ OK for: backend@1.0.0 want: *
30 silly placeDep ROOT @types/express@ REPLACE for: backend@1.0.0 want: ^5.0.6
31 silly placeDep ROOT @types/node@ REPLACE for: backend@1.0.0 want: *
32 verbose type system
33 verbose stack FetchError: request to https://registry.npmjs.org/@types%2fbcrypt failed, reason: 
33 verbose stack     at ClientRequest.<anonymous> (C:\Users\khush\AppData\Roaming\npm\node_modules\npm\node_modules\minipass-fetch\lib\index.js:130:14)
33 verbose stack     at ClientRequest.emit (node:events:507:28)
33 verbose stack     at emitErrorEvent (node:_http_client:104:11)
33 verbose stack     at _destroy (node:_http_client:898:9)
33 verbose stack     at onSocketNT (node:_http_client:918:5)
33 verbose stack     at process.processTicksAndRejections (node:internal/process/task_queues:91:21)
34 error code EACCES
35 error errno EACCES
36 error FetchError: request to https://registry.npmjs.org/@types%2fbcrypt failed, reason: 
36 error     at ClientRequest.<anonymous> (C:\Users\khush\AppData\Roaming\npm\node_modules\npm\node_modules\minipass-fetch\lib\index.js:130:14)
36 error     at ClientRequest.emit (node:events:507:28)
36 error     at emitErrorEvent (node:_http_client:104:11)
36 error     at _destroy (node:_http_client:898:9)
36 error     at onSocketNT (node:_http_client:918:5)
36 error     at process.processTicksAndRejections (node:internal/process/task_queues:91:21) {
36 error   code: 'EACCES',
36 error   errno: 'EACCES',
36 error   type: 'system',
36 error   requiredBy: '.'
36 error }
37 error
37 error The operation was rejected by your operating system.
37 error It's possible that the file was already in use (by a text editor or antivirus),
37 error or that you lack permissions to access it.
37 error
37 error If you believe this might be a permissions issue, please double-check the
37 error permissions of the file and its containing directories, or try running
37 error the command again as root/Administrator.
38 silly unfinished npm timer reify 1773594744428
39 silly unfinished npm timer reify:loadTrees 1773594744432
40 verbose cwd C:\Users\khush\OneDrive\Desktop\practicesession\TypeScript\backend
41 verbose os Windows_NT 10.0.26200
42 verbose node v23.9.0
43 verbose npm  v11.2.0
44 verbose exit 1
45 verbose code 1
46 error A complete log of this run can be found in: C:\Users\khush\OneDrive\Desktop\practicesession\TypeScript\backend\.npm-cache\_logs\2026-03-15T17_12_22_594Z-debug-0.log
